0 info it worked if it ends with ok
1 verbose cli [ '/usr/local/bin/node',
1 verbose cli   '/usr/local/bin/npm',
1 verbose cli   'run',
1 verbose cli   'start-client' ]
2 info using npm@3.10.3
3 info using node@v6.5.0
4 verbose run-script [ 'prestart-client', 'start-client', 'poststart-client' ]
5 info lifecycle distributed-fizzbuzz@1.0.0~prestart-client: distributed-fizzbuzz@1.0.0
6 silly lifecycle distributed-fizzbuzz@1.0.0~prestart-client: no script for prestart-client, continuing
7 info lifecycle distributed-fizzbuzz@1.0.0~start-client: distributed-fizzbuzz@1.0.0
8 verbose lifecycle distributed-fizzbuzz@1.0.0~start-client: unsafe-perm in lifecycle true
9 verbose lifecycle distributed-fizzbuzz@1.0.0~start-client: PATH: /usr/local/lib/node_modules/npm/bin/node-gyp-bin:/Users/ryanvice/Documents/code/distributed-fizzbuzz/node_modules/.bin:/usr/local/bin:/usr/local/bin:/usr/bin:/bin:/usr/sbin:/sbin:/Users/ryanvice/Library/Android/sdk/platform-tools:/Users/ryanvice/Library/Android/sdk/tools
10 verbose lifecycle distributed-fizzbuzz@1.0.0~start-client: CWD: /Users/ryanvice/Documents/code/distributed-fizzbuzz
11 silly lifecycle distributed-fizzbuzz@1.0.0~start-client: Args: [ '-c', 'node ./client/fizzbuzz-client.js' ]
12 silly lifecycle distributed-fizzbuzz@1.0.0~start-client: Returned: code: 1  signal: null
13 info lifecycle distributed-fizzbuzz@1.0.0~start-client: Failed to exec start-client script
14 verbose stack Error: distributed-fizzbuzz@1.0.0 start-client: `node ./client/fizzbuzz-client.js`
14 verbose stack Exit status 1
14 verbose stack     at EventEmitter.<anonymous> (/usr/local/lib/node_modules/npm/lib/utils/lifecycle.js:242:16)
14 verbose stack     at emitTwo (events.js:106:13)
14 verbose stack     at EventEmitter.emit (events.js:191:7)
14 verbose stack     at ChildProcess.<anonymous> (/usr/local/lib/node_modules/npm/lib/utils/spawn.js:40:14)
14 verbose stack     at emitTwo (events.js:106:13)
14 verbose stack     at ChildProcess.emit (events.js:191:7)
14 verbose stack     at maybeClose (internal/child_process.js:877:16)
14 verbose stack     at Process.ChildProcess._handle.onexit (internal/child_process.js:226:5)
15 verbose pkgid distributed-fizzbuzz@1.0.0
16 verbose cwd /Users/ryanvice/Documents/code/distributed-fizzbuzz
17 error Darwin 15.6.0
18 error argv "/usr/local/bin/node" "/usr/local/bin/npm" "run" "start-client"
19 error node v6.5.0
20 error npm  v3.10.3
21 error code ELIFECYCLE
22 error distributed-fizzbuzz@1.0.0 start-client: `node ./client/fizzbuzz-client.js`
22 error Exit status 1
23 error Failed at the distributed-fizzbuzz@1.0.0 start-client script 'node ./client/fizzbuzz-client.js'.
23 error Make sure you have the latest version of node.js and npm installed.
23 error If you do, this is most likely a problem with the distributed-fizzbuzz package,
23 error not with npm itself.
23 error Tell the author that this fails on your system:
23 error     node ./client/fizzbuzz-client.js
23 error You can get information on how to open an issue for this project with:
23 error     npm bugs distributed-fizzbuzz
23 error Or if that isn't available, you can get their info via:
23 error     npm owner ls distributed-fizzbuzz
23 error There is likely additional logging output above.
24 verbose exit [ 1, true ]
